Using pre-set license
Built from '2020.3/staging' branch; Version is '2020.3.13f1 (71691879b7f5) revision 7432472'; Using compiler version '192528614'; Build Type 'Release'
OS: 'Windows 10 Home; OS build 19043.1415; Version 2009; 64bit' Language: 'en' Physical Memory: 16266 MB
BatchMode: 1, IsHumanControllingUs: 0, StartBugReporterOnCrash: 0, Is64bit: 1, IsPro: 0

 COMMAND LINE ARGUMENTS:
C:\Program Files\Unity\Hub\Editor\2020.3.13f1\Editor\Unity.exe
-adb2
-batchMode
-noUpm
-name
AssetImportWorker0
-projectPath
C:/Users/felix/Documents/GitHub/OldArcadeGamesFelix/Donkey Kong
-logFile
Logs/AssetImportWorker0.log
-srvPort
53669
Successfully changed project path to: C:/Users/felix/Documents/GitHub/OldArcadeGamesFelix/Donkey Kong
C:/Users/felix/Documents/GitHub/OldArcadeGamesFelix/Donkey Kong
Using Asset Import Pipeline V2.
Refreshing native plugins compatible for Editor in 31.72 ms, found 3 plugins.
Preloading 0 native plugins for Editor in 0.00 ms.
Initialize engine version: 2020.3.13f1 (71691879b7f5)
[Subsystems] Discovering subsystems at path C:/Program Files/Unity/Hub/Editor/2020.3.13f1/Editor/Data/Resources/UnitySubsystems
[Subsystems] Discovering subsystems at path C:/Users/felix/Documents/GitHub/OldArcadeGamesFelix/Donkey Kong/Assets
GfxDevice: creating device client; threaded=0
Direct3D:
    Version:  Direct3D 11.0 [level 11.1]
    Renderer: AMD Radeon RX 6700 XT (ID=0x73df)
    Vendor:   
    VRAM:     12243 MB
    Driver:   30.0.14011.3017
Initialize mono
Mono path[0] = 'C:/Program Files/Unity/Hub/Editor/2020.3.13f1/Editor/Data/Managed'
Mono path[1] = 'C:/Program Files/Unity/Hub/Editor/2020.3.13f1/Editor/Data/MonoBleedingEdge/lib/mono/unityjit'
Mono config path = 'C:/Program Files/Unity/Hub/Editor/2020.3.13f1/Editor/Data/MonoBleedingEdge/etc'
Using monoOptions --debugger-agent=transport=dt_socket,embedding=1,server=y,suspend=n,address=127.0.0.1:56116
Begin MonoManager ReloadAssembly
Registering precompiled unity dll's ...
Register platform support module: C:/Program Files/Unity/Hub/Editor/2020.3.13f1/Editor/Data/PlaybackEngines/WebGLSupport/UnityEditor.WebGL.Extensions.dll
Register platform support module: C:/Program Files/Unity/Hub/Editor/2020.3.13f1/Editor/Data/PlaybackEngines/MacStandaloneSupport/UnityEditor.OSXStandalone.Extensions.dll
Register platform support module: C:/Program Files/Unity/Hub/Editor/2020.3.13f1/Editor/Data/PlaybackEngines/WindowsStandaloneSupport/UnityEditor.WindowsStandalone.Extensions.dll
Register platform support module: C:/Program Files/Unity/Hub/Editor/2020.3.13f1/Editor/Data/PlaybackEngines/LinuxStandaloneSupport/UnityEditor.LinuxStandalone.Extensions.dll
Registered in 0.003622 seconds.
Native extension for LinuxStandalone target not found
Native extension for WindowsStandalone target not found
Native extension for OSXStandalone target not found
Native extension for WebGL target not found
Refreshing native plugins compatible for Editor in 32.52 ms, found 3 plugins.
Preloading 0 native plugins for Editor in 0.00 ms.
Mono: successfully reloaded assembly
- Completed reload, in  1.720 seconds
Platform modules already initialized, skipping
Registering precompiled user dll's ...
Registered in 0.004249 seconds.
Begin MonoManager ReloadAssembly
Native extension for LinuxStandalone target not found
Native extension for WindowsStandalone target not found
Native extension for OSXStandalone target not found
Native extension for WebGL target not found
Refreshing native plugins compatible for Editor in 28.88 ms, found 3 plugins.
Preloading 0 native plugins for Editor in 0.00 ms.
Mono: successfully reloaded assembly
- Completed reload, in  0.824 seconds
Platform modules already initialized, skipping
========================================================================
Worker process is ready to serve import requests
Launched and connected shader compiler UnityShaderCompiler.exe after 0.04 seconds
Refreshing native plugins compatible for Editor in 0.84 ms, found 3 plugins.
Preloading 0 native plugins for Editor in 0.00 ms.
Unloading 2084 Unused Serialized files (Serialized files now loaded: 0)
System memory in use before: 92.9 MB.
System memory in use after: 92.8 MB.

Unloading 33 unused Assets to reduce memory usage. Loaded Objects now: 2517.
Total: 2.743700 ms (FindLiveObjects: 0.314500 ms CreateObjectMapping: 0.117900 ms MarkObjects: 2.180300 ms  DeleteObjects: 0.129900 ms)

AssetImportParameters requested are different than current active one (requested -> active):
  custom:framework-win-MediaFoundation: 216162199b28c13a410421893ffa2e32 -> 
  custom:video-decoder-ogg-theora: a1e56fd34408186e4bbccfd4996cb3dc -> 
  custom:container-muxer-webm: aa71ff27fc2769a1b78a27578f13a17b -> 
  custom:container-demuxer-webm: 4f35f7cbe854078d1ac9338744f61a02 -> 
  custom:container-demuxer-ogg: 62fdf1f143b41e24485cea50d1cbac27 -> 
  custom:video-encoder-webm-vp8: eb34c28f22e8b96e1ab97ce403110664 -> 
  custom:video-decoder-webm-vp8: 9c59270c3fd7afecdb556c50c9e8de78 -> 
  custom:audio-decoder-ogg-vorbis: bf7c407c2cedff20999df2af8eb42d56 -> 
  custom:audio-encoder-webm-vorbis: bf7c407c2cedff20999df2af8eb42d56 -> 
========================================================================
Received Import Request.
  path: Assets/Sprites
  artifactKey: Guid(4969aee6f821dad4da99150cb1b9564f) Importer(815301076,1909f56bfc062723c751e8b465ee728b)
Start importing Assets/Sprites using Guid(4969aee6f821dad4da99150cb1b9564f) Importer(815301076,1909f56bfc062723c751e8b465ee728b)  -> (artifact id: '2499dff2c14b735922255ea2b90fb1e5') in 0.009729 seconds 
  Import took 0.013305 seconds .

========================================================================
Received Import Request.
  Time since last request: 0.510978 seconds.
  path: Assets
  artifactKey: Guid(00000000000000001000000000000000) Importer(815301076,1909f56bfc062723c751e8b465ee728b)
Start importing Assets using Guid(00000000000000001000000000000000) Importer(815301076,1909f56bfc062723c751e8b465ee728b)  -> (artifact id: '42d402b061de3733987d63b9cc3b64de') in 0.003531 seconds 
  Import took 0.006710 seconds .

========================================================================
Received Import Request.
  Time since last request: 5.820392 seconds.
  path: Assets/Scirpts
  artifactKey: Guid(a6512cf8ede292a4cbc0b81e4fabd82b) Importer(815301076,1909f56bfc062723c751e8b465ee728b)
Start importing Assets/Scirpts using Guid(a6512cf8ede292a4cbc0b81e4fabd82b) Importer(815301076,1909f56bfc062723c751e8b465ee728b)  -> (artifact id: '18a83b6cba9744a726b64e62de539271') in 0.003670 seconds 
  Import took 0.007213 seconds .

========================================================================
Received Import Request.
  Time since last request: 4.413906 seconds.
  path: Assets/Materials
  artifactKey: Guid(052de63fedf7c70469fdbb01689de3c8) Importer(815301076,1909f56bfc062723c751e8b465ee728b)
Start importing Assets/Materials using Guid(052de63fedf7c70469fdbb01689de3c8) Importer(815301076,1909f56bfc062723c751e8b465ee728b)  -> (artifact id: 'c1ef03b4489d6500526cccebe0b27a3c') in 0.003470 seconds 
  Import took 0.007051 seconds .

========================================================================
Received Import Request.
  Time since last request: 0.000521 seconds.
  path: Assets/Materials
  artifactKey: Guid(052de63fedf7c70469fdbb01689de3c8) Importer(815301076,1909f56bfc062723c751e8b465ee728b)
Start importing Assets/Materials using Guid(052de63fedf7c70469fdbb01689de3c8) Importer(815301076,1909f56bfc062723c751e8b465ee728b)  -> (artifact id: 'c1ef03b4489d6500526cccebe0b27a3c') in 0.002612 seconds 
  Import took 0.005209 seconds .

========================================================================
Received Import Request.
  Time since last request: 96.038130 seconds.
  path: Assets/Scripts
  artifactKey: Guid(a6512cf8ede292a4cbc0b81e4fabd82b) Importer(815301076,1909f56bfc062723c751e8b465ee728b)
Start importing Assets/Scripts using Guid(a6512cf8ede292a4cbc0b81e4fabd82b) Importer(815301076,1909f56bfc062723c751e8b465ee728b)  -> (artifact id: 'cf8f2aebd41202312d2ed63aca76dea1') in 0.003311 seconds 
  Import took 0.007373 seconds .

========================================================================
Received Import Request.
  Time since last request: 1.346327 seconds.
  path: Assets/Sprites/Barrel.png
  artifactKey: Guid(74ab0ecc35c0e734abb8deb73cb6f09d) Importer(815301076,1909f56bfc062723c751e8b465ee728b)
Start importing Assets/Sprites/Barrel.png using Guid(74ab0ecc35c0e734abb8deb73cb6f09d) Importer(815301076,1909f56bfc062723c751e8b465ee728b)  -> (artifact id: 'bee3f8ad7922d4013e9bc3c76762955d') in 0.122387 seconds 
  Import took 0.130289 seconds .

========================================================================
Received Import Request.
  Time since last request: 0.000292 seconds.
  path: Assets/Sprites/Mario_Run2.png
  artifactKey: Guid(5ad6ffe610a760b4fa42443b96b0ed6a) Importer(815301076,1909f56bfc062723c751e8b465ee728b)
Start importing Assets/Sprites/Mario_Run2.png using Guid(5ad6ffe610a760b4fa42443b96b0ed6a) Importer(815301076,1909f56bfc062723c751e8b465ee728b)  -> (artifact id: '115979774c73acf40b65b177fce6f803') in 0.017641 seconds 
  Import took 0.021093 seconds .

========================================================================
Received Import Request.
  Time since last request: 0.000240 seconds.
  path: Assets/Sprites/Platform.png
  artifactKey: Guid(33b6af107b6c2a84990edb56c6b2e610) Importer(815301076,1909f56bfc062723c751e8b465ee728b)
Start importing Assets/Sprites/Platform.png using Guid(33b6af107b6c2a84990edb56c6b2e610) Importer(815301076,1909f56bfc062723c751e8b465ee728b)  -> (artifact id: '4f71e33515a261e577c71e871c36727f') in 0.006393 seconds 
  Import took 0.011280 seconds .

========================================================================
Received Import Request.
  Time since last request: 0.000220 seconds.
  path: Assets/Sprites/Princess.png
  artifactKey: Guid(69f102c1b8cfa224782c2370194383c4) Importer(815301076,1909f56bfc062723c751e8b465ee728b)
Start importing Assets/Sprites/Princess.png using Guid(69f102c1b8cfa224782c2370194383c4) Importer(815301076,1909f56bfc062723c751e8b465ee728b)  -> (artifact id: '903b1c99794879f9651d4d892d0d1a21') in 0.017121 seconds 
  Import took 0.023740 seconds .

========================================================================
Received Import Request.
  Time since last request: 0.000269 seconds.
  path: Assets/Sprites/Ladder.png
  artifactKey: Guid(ae7d4caafeff58d4fae99d8533665eb9) Importer(815301076,1909f56bfc062723c751e8b465ee728b)
Start importing Assets/Sprites/Ladder.png using Guid(ae7d4caafeff58d4fae99d8533665eb9) Importer(815301076,1909f56bfc062723c751e8b465ee728b)  -> (artifact id: '090486208185cb4c6b9c013de2aac8dd') in 0.007396 seconds 
  Import took 0.014091 seconds .

========================================================================
Received Import Request.
  Time since last request: 0.000235 seconds.
  path: Assets/Sprites/Mario_Climb.png
  artifactKey: Guid(9e3126dc5634ff846aa01b20a3c37760) Importer(815301076,1909f56bfc062723c751e8b465ee728b)
Start importing Assets/Sprites/Mario_Climb.png using Guid(9e3126dc5634ff846aa01b20a3c37760) Importer(815301076,1909f56bfc062723c751e8b465ee728b)  -> (artifact id: '42dbc9c2197add2584c51838865ea675') in 0.009390 seconds 
  Import took 0.011610 seconds .

========================================================================
Received Import Request.
  Time since last request: 0.000268 seconds.
  path: Assets/Sprites/Mario_Run3.png
  artifactKey: Guid(2b9cf86d3a721434581511c17d6da701) Importer(815301076,1909f56bfc062723c751e8b465ee728b)
Start importing Assets/Sprites/Mario_Run3.png using Guid(2b9cf86d3a721434581511c17d6da701) Importer(815301076,1909f56bfc062723c751e8b465ee728b)  -> (artifact id: '9f07f9d746a46954c44dfacda9615103') in 0.019142 seconds 
  Import took 0.022387 seconds .

========================================================================
Received Import Request.
  Time since last request: 0.000266 seconds.
  path: Assets/Sprites/DonkeyKong.png
  artifactKey: Guid(4943c0addf019964d8a7404582a03e18) Importer(815301076,1909f56bfc062723c751e8b465ee728b)
Start importing Assets/Sprites/DonkeyKong.png using Guid(4943c0addf019964d8a7404582a03e18) Importer(815301076,1909f56bfc062723c751e8b465ee728b)  -> (artifact id: '271b822f954a0eac237f6bc5884fb2cf') in 0.012307 seconds 
  Import took 0.015181 seconds .

========================================================================
Received Import Request.
  Time since last request: 0.000256 seconds.
  path: Assets/Sprites/Mario_Run1.png
  artifactKey: Guid(1a1a1b397dc04ea42acd59dca8b9a51a) Importer(815301076,1909f56bfc062723c751e8b465ee728b)
Start importing Assets/Sprites/Mario_Run1.png using Guid(1a1a1b397dc04ea42acd59dca8b9a51a) Importer(815301076,1909f56bfc062723c751e8b465ee728b)  -> (artifact id: '336fc3ce0c85b8e4bbe9a604a60194f4') in 0.009552 seconds 
  Import took 0.012017 seconds .

========================================================================
Received Import Request.
  Time since last request: 0.002147 seconds.
  path: Assets/Sprites/Mario_Run1.png
  artifactKey: Guid(1a1a1b397dc04ea42acd59dca8b9a51a) Importer(815301076,1909f56bfc062723c751e8b465ee728b)
Start importing Assets/Sprites/Mario_Run1.png using Guid(1a1a1b397dc04ea42acd59dca8b9a51a) Importer(815301076,1909f56bfc062723c751e8b465ee728b)  -> (artifact id: '336fc3ce0c85b8e4bbe9a604a60194f4') in 0.012480 seconds 
  Import took 0.015230 seconds .

========================================================================
Received Import Request.
  Time since last request: 65.011755 seconds.
  path: Assets/Sprites/Barrel.png
  artifactKey: Guid(74ab0ecc35c0e734abb8deb73cb6f09d) Importer(815301076,1909f56bfc062723c751e8b465ee728b)
Start importing Assets/Sprites/Barrel.png using Guid(74ab0ecc35c0e734abb8deb73cb6f09d) Importer(815301076,1909f56bfc062723c751e8b465ee728b)  -> (artifact id: 'cb7ed30ef9a4f1c927a80ffa980f9fb8') in 0.006800 seconds 
  Import took 0.011092 seconds .

========================================================================
Received Import Request.
  Time since last request: 0.000237 seconds.
  path: Assets/Sprites/Mario_Run2.png
  artifactKey: Guid(5ad6ffe610a760b4fa42443b96b0ed6a) Importer(815301076,1909f56bfc062723c751e8b465ee728b)
Start importing Assets/Sprites/Mario_Run2.png using Guid(5ad6ffe610a760b4fa42443b96b0ed6a) Importer(815301076,1909f56bfc062723c751e8b465ee728b)  -> (artifact id: 'e117e1e738c1983569d26a2c577a546e') in 0.014427 seconds 
  Import took 0.022148 seconds .

========================================================================
Received Import Request.
  Time since last request: 0.000256 seconds.
  path: Assets/Sprites/Platform.png
  artifactKey: Guid(33b6af107b6c2a84990edb56c6b2e610) Importer(815301076,1909f56bfc062723c751e8b465ee728b)
Start importing Assets/Sprites/Platform.png using Guid(33b6af107b6c2a84990edb56c6b2e610) Importer(815301076,1909f56bfc062723c751e8b465ee728b)  -> (artifact id: '3534ea746cbbd85c5ccf0e5a936bc471') in 0.007044 seconds 
  Import took 0.011865 seconds .

========================================================================
Received Import Request.
  Time since last request: 0.000239 seconds.
  path: Assets/Sprites/Princess.png
  artifactKey: Guid(69f102c1b8cfa224782c2370194383c4) Importer(815301076,1909f56bfc062723c751e8b465ee728b)
Start importing Assets/Sprites/Princess.png using Guid(69f102c1b8cfa224782c2370194383c4) Importer(815301076,1909f56bfc062723c751e8b465ee728b)  -> (artifact id: 'df4223d9ac4e3b094553ec61bb51b913') in 0.008146 seconds 
  Import took 0.014534 seconds .

========================================================================
Received Import Request.
  Time since last request: 0.000242 seconds.
  path: Assets/Sprites/Ladder.png
  artifactKey: Guid(ae7d4caafeff58d4fae99d8533665eb9) Importer(815301076,1909f56bfc062723c751e8b465ee728b)
Start importing Assets/Sprites/Ladder.png using Guid(ae7d4caafeff58d4fae99d8533665eb9) Importer(815301076,1909f56bfc062723c751e8b465ee728b)  -> (artifact id: '6c191653c897a9c70542569c417f940a') in 0.006580 seconds 
  Import took 0.012948 seconds .

========================================================================
Received Import Request.
  Time since last request: 0.000240 seconds.
  path: Assets/Sprites/Mario_Climb.png
  artifactKey: Guid(9e3126dc5634ff846aa01b20a3c37760) Importer(815301076,1909f56bfc062723c751e8b465ee728b)
Start importing Assets/Sprites/Mario_Climb.png using Guid(9e3126dc5634ff846aa01b20a3c37760) Importer(815301076,1909f56bfc062723c751e8b465ee728b)  -> (artifact id: '5e13cae1a69f014c1a1dd66e123f6a44') in 0.019517 seconds 
  Import took 0.022603 seconds .

========================================================================
Received Import Request.
  Time since last request: 0.000253 seconds.
  path: Assets/Sprites/Mario_Run3.png
  artifactKey: Guid(2b9cf86d3a721434581511c17d6da701) Importer(815301076,1909f56bfc062723c751e8b465ee728b)
Start importing Assets/Sprites/Mario_Run3.png using Guid(2b9cf86d3a721434581511c17d6da701) Importer(815301076,1909f56bfc062723c751e8b465ee728b)  -> (artifact id: '24011140d7b9322df14c5bf8a25d4b7b') in 0.008594 seconds 
  Import took 0.012311 seconds .

========================================================================
Received Import Request.
  Time since last request: 0.000233 seconds.
  path: Assets/Sprites/DonkeyKong.png
  artifactKey: Guid(4943c0addf019964d8a7404582a03e18) Importer(815301076,1909f56bfc062723c751e8b465ee728b)
Start importing Assets/Sprites/DonkeyKong.png using Guid(4943c0addf019964d8a7404582a03e18) Importer(815301076,1909f56bfc062723c751e8b465ee728b)  -> (artifact id: '199cd5d4a38f433f58908d22422b8063') in 0.005871 seconds 
  Import took 0.016813 seconds .

========================================================================
Received Import Request.
  Time since last request: 0.000258 seconds.
  path: Assets/Sprites/Mario_Run1.png
  artifactKey: Guid(1a1a1b397dc04ea42acd59dca8b9a51a) Importer(815301076,1909f56bfc062723c751e8b465ee728b)
Start importing Assets/Sprites/Mario_Run1.png using Guid(1a1a1b397dc04ea42acd59dca8b9a51a) Importer(815301076,1909f56bfc062723c751e8b465ee728b)  -> (artifact id: '02b3b37826701e8d34b354d990076393') in 0.018024 seconds 
  Import took 0.021440 seconds .

========================================================================
Received Import Request.
  Time since last request: 16.759285 seconds.
  path: Assets/Sprites/Platform.png
  artifactKey: Guid(33b6af107b6c2a84990edb56c6b2e610) Importer(815301076,1909f56bfc062723c751e8b465ee728b)
Start importing Assets/Sprites/Platform.png using Guid(33b6af107b6c2a84990edb56c6b2e610) Importer(815301076,1909f56bfc062723c751e8b465ee728b)  -> (artifact id: '92a978c3fc4676f4cd80c3588adeb9f7') in 0.006163 seconds 
  Import took 0.015255 seconds .

========================================================================
Received Import Request.
  Time since last request: 3.378348 seconds.
  path: Assets/Sprites/Ladder.png
  artifactKey: Guid(ae7d4caafeff58d4fae99d8533665eb9) Importer(815301076,1909f56bfc062723c751e8b465ee728b)
Start importing Assets/Sprites/Ladder.png using Guid(ae7d4caafeff58d4fae99d8533665eb9) Importer(815301076,1909f56bfc062723c751e8b465ee728b)  -> (artifact id: '81b30be24cf557e492a231aafe72baed') in 0.005288 seconds 
  Import took 0.010974 seconds .

========================================================================
Received Import Request.
  Time since last request: 9.411300 seconds.
  path: Assets/Prefab
  artifactKey: Guid(20504ad1bd84d0a40bd2534e156ee8c3) Importer(815301076,1909f56bfc062723c751e8b465ee728b)
Start importing Assets/Prefab using Guid(20504ad1bd84d0a40bd2534e156ee8c3) Importer(815301076,1909f56bfc062723c751e8b465ee728b)  -> (artifact id: 'da44fc0b6e4c4d7391899671f534dca6') in 0.003988 seconds 
  Import took 0.012725 seconds .

========================================================================
Received Import Request.
  Time since last request: 70.816765 seconds.
  path: Assets/Prefab/Barrel.prefab
  artifactKey: Guid(118bbf86f1fa86446b135d40185cca1b) Importer(815301076,1909f56bfc062723c751e8b465ee728b)
Start importing Assets/Prefab/Barrel.prefab using Guid(118bbf86f1fa86446b135d40185cca1b) Importer(815301076,1909f56bfc062723c751e8b465ee728b)  -> (artifact id: '30f35ea28b420a26c95c01a96a6ed50d') in 0.040904 seconds 
  Import took 0.043928 seconds .

========================================================================
Received Import Request.
  Time since last request: 0.000441 seconds.
  path: Assets/Prefab/Barrel.prefab
  artifactKey: Guid(118bbf86f1fa86446b135d40185cca1b) Importer(815301076,1909f56bfc062723c751e8b465ee728b)
Start importing Assets/Prefab/Barrel.prefab using Guid(118bbf86f1fa86446b135d40185cca1b) Importer(815301076,1909f56bfc062723c751e8b465ee728b)  -> (artifact id: '30f35ea28b420a26c95c01a96a6ed50d') in 0.008972 seconds 
  Import took 0.011691 seconds .

========================================================================
Received Import Request.
  Time since last request: 26.246387 seconds.
  path: Assets/Prefab/DonkeyKong.prefab
  artifactKey: Guid(1c9a69e7ad3668947a615c898f967c3e) Importer(815301076,1909f56bfc062723c751e8b465ee728b)
Start importing Assets/Prefab/DonkeyKong.prefab using Guid(1c9a69e7ad3668947a615c898f967c3e) Importer(815301076,1909f56bfc062723c751e8b465ee728b)  -> (artifact id: '3507c66c0b6274f0a8df06326bea5d59') in 0.008534 seconds 
  Import took 0.011595 seconds .

========================================================================
Received Import Request.
  Time since last request: 135.690671 seconds.
  path: Assets/Prefabs/Ladder.prefab
  artifactKey: Guid(10e27e73ef68e2441976f23c9bc27cf2) Importer(815301076,1909f56bfc062723c751e8b465ee728b)
Start importing Assets/Prefabs/Ladder.prefab using Guid(10e27e73ef68e2441976f23c9bc27cf2) Importer(815301076,1909f56bfc062723c751e8b465ee728b)  -> (artifact id: '3f048cca1d77c4a7ed40524370dd37a7') in 0.009995 seconds 
  Import took 0.014487 seconds .

========================================================================
Received Import Request.
  Time since last request: 62.479724 seconds.
  path: Assets/Prefabs/Platform.prefab
  artifactKey: Guid(87155c5bb9a2dd64082a9b300dea3ec9) Importer(815301076,1909f56bfc062723c751e8b465ee728b)
Start importing Assets/Prefabs/Platform.prefab using Guid(87155c5bb9a2dd64082a9b300dea3ec9) Importer(815301076,1909f56bfc062723c751e8b465ee728b)  -> (artifact id: 'e6803f6e556ad6c4b4284b562253ce2d') in 0.008974 seconds 
  Import took 0.013050 seconds .

========================================================================
Received Import Request.
  Time since last request: 83.501665 seconds.
  path: Assets/Prefabs/Mario.prefab
  artifactKey: Guid(84b297e4afd20c14b9588aee6706db06) Importer(815301076,1909f56bfc062723c751e8b465ee728b)
Start importing Assets/Prefabs/Mario.prefab using Guid(84b297e4afd20c14b9588aee6706db06) Importer(815301076,1909f56bfc062723c751e8b465ee728b)  -> (artifact id: '3d3a39df3b988828b74e0d494604afde') in 0.008240 seconds 
  Import took 0.011853 seconds .

========================================================================
Received Import Request.
  Time since last request: 15.241965 seconds.
  path: Assets/Prefabs/Princess.prefab
  artifactKey: Guid(4f95470aa0b965a42aad518f369f5fa5) Importer(815301076,1909f56bfc062723c751e8b465ee728b)
Start importing Assets/Prefabs/Princess.prefab using Guid(4f95470aa0b965a42aad518f369f5fa5) Importer(815301076,1909f56bfc062723c751e8b465ee728b)  -> (artifact id: 'c0acba2352040f4471a48e51c75426ed') in 0.008367 seconds 
  Import took 0.011818 seconds .

========================================================================
Received Import Request.
  Time since last request: 18.947826 seconds.
  path: Assets/Scenes/SampleScene.unity
  artifactKey: Guid(2cda990e2423bbf4892e6590ba056729) Importer(815301076,1909f56bfc062723c751e8b465ee728b)
Start importing Assets/Scenes/SampleScene.unity using Guid(2cda990e2423bbf4892e6590ba056729) Importer(815301076,1909f56bfc062723c751e8b465ee728b)  -> (artifact id: 'aa27944bdea339c97c39027c7eea529c') in 0.003998 seconds 
  Import took 0.039154 seconds .

========================================================================
Received Import Request.
  Time since last request: 6.183789 seconds.
  path: Assets/Scenes/Level01.unity
  artifactKey: Guid(2cda990e2423bbf4892e6590ba056729) Importer(815301076,1909f56bfc062723c751e8b465ee728b)
Start importing Assets/Scenes/Level01.unity using Guid(2cda990e2423bbf4892e6590ba056729) Importer(815301076,1909f56bfc062723c751e8b465ee728b)  -> (artifact id: '7635f21058b73bff7255279c12fb2a96') in 0.003845 seconds 
  Import took 0.012217 seconds .

========================================================================
Received Prepare
Registering precompiled user dll's ...
Registered in 0.008700 seconds.
Begin MonoManager ReloadAssembly
Native extension for LinuxStandalone target not found
Native extension for WindowsStandalone target not found
Native extension for OSXStandalone target not found
Native extension for WebGL target not found
Refreshing native plugins compatible for Editor in 0.48 ms, found 3 plugins.
Preloading 0 native plugins for Editor in 0.00 ms.
Mono: successfully reloaded assembly
- Completed reload, in  0.822 seconds
Platform modules already initialized, skipping
Refreshing native plugins compatible for Editor in 0.52 ms, found 3 plugins.
Preloading 0 native plugins for Editor in 0.00 ms.
Unloading 2079 Unused Serialized files (Serialized files now loaded: 0)
System memory in use before: 95.9 MB.
System memory in use after: 95.9 MB.

Unloading 21 unused Assets to reduce memory usage. Loaded Objects now: 2543.
Total: 2.255700 ms (FindLiveObjects: 0.249800 ms CreateObjectMapping: 0.090100 ms MarkObjects: 1.845800 ms  DeleteObjects: 0.069300 ms)

AssetImportParameters requested are different than current active one (requested -> active):
  custom:framework-win-MediaFoundation: 216162199b28c13a410421893ffa2e32 -> 
  custom:video-decoder-ogg-theora: a1e56fd34408186e4bbccfd4996cb3dc -> 
  custom:container-muxer-webm: aa71ff27fc2769a1b78a27578f13a17b -> 
  custom:container-demuxer-webm: 4f35f7cbe854078d1ac9338744f61a02 -> 
  custom:container-demuxer-ogg: 62fdf1f143b41e24485cea50d1cbac27 -> 
  custom:video-encoder-webm-vp8: eb34c28f22e8b96e1ab97ce403110664 -> 
  custom:video-decoder-webm-vp8: 9c59270c3fd7afecdb556c50c9e8de78 -> 
  custom:audio-decoder-ogg-vorbis: bf7c407c2cedff20999df2af8eb42d56 -> 
  custom:audio-encoder-webm-vorbis: bf7c407c2cedff20999df2af8eb42d56 -> 
========================================================================
Received Prepare
Refreshing native plugins compatible for Editor in 5.38 ms, found 3 plugins.
Preloading 0 native plugins for Editor in 0.00 ms.
Unloading 19 Unused Serialized files (Serialized files now loaded: 0)
System memory in use before: 55.2 MB.
System memory in use after: 55.2 MB.

Unloading 19 unused Assets to reduce memory usage. Loaded Objects now: 2543.
Total: 2.665600 ms (FindLiveObjects: 0.259600 ms CreateObjectMapping: 0.041600 ms MarkObjects: 2.263600 ms  DeleteObjects: 0.100000 ms)

AssetImportParameters requested are different than current active one (requested -> active):
  custom:framework-win-MediaFoundation: 216162199b28c13a410421893ffa2e32 -> 
  custom:video-decoder-ogg-theora: a1e56fd34408186e4bbccfd4996cb3dc -> 
  custom:container-muxer-webm: aa71ff27fc2769a1b78a27578f13a17b -> 
  custom:container-demuxer-webm: 4f35f7cbe854078d1ac9338744f61a02 -> 
  custom:container-demuxer-ogg: 62fdf1f143b41e24485cea50d1cbac27 -> 
  custom:video-encoder-webm-vp8: eb34c28f22e8b96e1ab97ce403110664 -> 
  custom:video-decoder-webm-vp8: 9c59270c3fd7afecdb556c50c9e8de78 -> 
  custom:audio-decoder-ogg-vorbis: bf7c407c2cedff20999df2af8eb42d56 -> 
  custom:audio-encoder-webm-vorbis: bf7c407c2cedff20999df2af8eb42d56 -> 
========================================================================
Received Prepare
Registering precompiled user dll's ...
Registered in 0.003962 seconds.
Begin MonoManager ReloadAssembly
Native extension for LinuxStandalone target not found
Native extension for WindowsStandalone target not found
Native extension for OSXStandalone target not found
Native extension for WebGL target not found
Refreshing native plugins compatible for Editor in 0.47 ms, found 3 plugins.
Preloading 0 native plugins for Editor in 0.00 ms.
Mono: successfully reloaded assembly
- Completed reload, in  0.707 seconds
Platform modules already initialized, skipping
Refreshing native plugins compatible for Editor in 0.42 ms, found 3 plugins.
Preloading 0 native plugins for Editor in 0.00 ms.
Unloading 2087 Unused Serialized files (Serialized files now loaded: 0)
System memory in use before: 96.2 MB.
System memory in use after: 96.2 MB.

Unloading 21 unused Assets to reduce memory usage. Loaded Objects now: 2555.
Total: 2.286200 ms (FindLiveObjects: 0.163200 ms CreateObjectMapping: 0.059100 ms MarkObjects: 1.967600 ms  DeleteObjects: 0.095600 ms)

AssetImportParameters requested are different than current active one (requested -> active):
  custom:framework-win-MediaFoundation: 216162199b28c13a410421893ffa2e32 -> 
  custom:video-decoder-ogg-theora: a1e56fd34408186e4bbccfd4996cb3dc -> 
  custom:container-muxer-webm: aa71ff27fc2769a1b78a27578f13a17b -> 
  custom:container-demuxer-webm: 4f35f7cbe854078d1ac9338744f61a02 -> 
  custom:container-demuxer-ogg: 62fdf1f143b41e24485cea50d1cbac27 -> 
  custom:video-encoder-webm-vp8: eb34c28f22e8b96e1ab97ce403110664 -> 
  custom:video-decoder-webm-vp8: 9c59270c3fd7afecdb556c50c9e8de78 -> 
  custom:audio-decoder-ogg-vorbis: bf7c407c2cedff20999df2af8eb42d56 -> 
  custom:audio-encoder-webm-vorbis: bf7c407c2cedff20999df2af8eb42d56 -> 
AssetImportWorkerClient::OnTransportError - code=2 error=End of file
